Start testing: May 20 08:41 JST
----------------------------------------------------------
1/1 Testing: math_test
1/1 Test: math_test
Command: "/home/kei/src/Math/bin/math_test"
Directory: /home/kei/src/Math
"math_test" start time: May 20 08:41 JST
Output:
----------------------------------------------------------
Running main() from gtest_main.cc
[==========] Running 6 tests from 1 test case.
[----------] Global test environment set-up.
[----------] 6 tests from DegreeTest
[ RUN      ] DegreeTest.construct
[       OK ] DegreeTest.construct (0 ms)
[ RUN      ] DegreeTest.memberfunc
/home/kei/src/Math/test/TestDegree.cpp:21: Failure
Value of: degree_a.val
  Actual: 45
Expected: 90.0
Which is: 90
/home/kei/src/Math/test/TestDegree.cpp:22: Failure
Value of: static_cast<double>(degree_a)
  Actual: 45
Expected: 90.0
Which is: 90
[  FAILED  ] DegreeTest.memberfunc (0 ms)
[ RUN      ] DegreeTest.assignment_operator
[       OK ] DegreeTest.assignment_operator (0 ms)
[ RUN      ] DegreeTest.add_sub_operator
[       OK ] DegreeTest.add_sub_operator (0 ms)
[ RUN      ] DegreeTest.comp_operator
[       OK ] DegreeTest.comp_operator (0 ms)
[ RUN      ] DegreeTest.function
/home/kei/src/Math/test/TestDegree.cpp:80: Failure
Value of: tan(degree_d)
  Actual: 1
Expected: 1.0
Which is: 1
[  FAILED  ] DegreeTest.function (0 ms)
[----------] 6 tests from DegreeTest (0 ms total)

[----------] Global test environment tear-down
[==========] 6 tests from 1 test case ran. (0 ms total)
[  PASSED  ] 4 tests.
[  FAILED  ] 2 tests, listed below:
[  FAILED  ] DegreeTest.memberfunc
[  FAILED  ] DegreeTest.function

 2 FAILED TESTS
<end of output>
Test time =   0.01 sec
----------------------------------------------------------
Test Failed.
"math_test" end time: May 20 08:41 JST
"math_test" time elapsed: 00:00:00
----------------------------------------------------------

End testing: May 20 08:41 JST
